2025-08-08T19:12:54: Disconnected from relay wss://relay.damus.io: Connection closed: 1006 
2025-08-08T19:20:33: Disconnected from relay wss://relay.nostr.band: Connection closed: 1006 
2025-08-08T19:50:32: Disconnected from relay wss://nostr.wine: Connection closed: 1000 
2025-08-08T19:50:36: Disconnected from relay wss://relay.nostr.band: Connection closed: 1006 
2025-08-08T20:12:54: Disconnected from relay wss://relay.damus.io: Connection closed: 1006 
2025-08-08T20:15:10: ⚠️ No relays connected, events may not publish
2025-08-08T20:20:39: Disconnected from relay wss://relay.nostr.band: Connection closed: 1006 
2025-08-08T20:50:34: Disconnected from relay wss://nostr.wine: Connection closed: 1000 
2025-08-08T20:50:41: Disconnected from relay wss://relay.nostr.band: Connection closed: 1006 
2025-08-08T21:10:10: ⚠️ No relays connected, events may not publish
2025-08-08T21:12:54: Disconnected from relay wss://relay.damus.io: Connection closed: 1006 
2025-08-08T21:20:44: Disconnected from relay wss://relay.nostr.band: Connection closed: 1006 
2025-08-08T21:50:36: Disconnected from relay wss://nostr.wine: Connection closed: 1000 
2025-08-08T21:50:47: Disconnected from relay wss://relay.nostr.band: Connection closed: 1006 
2025-08-08T22:12:54: Disconnected from relay wss://relay.damus.io: Connection closed: 1006 
2025-08-08T22:20:50: Disconnected from relay wss://relay.nostr.band: Connection closed: 1006 
2025-08-08T22:50:37: Disconnected from relay wss://nostr.wine: Connection closed: 1000 
2025-08-08T22:50:52: Disconnected from relay wss://relay.nostr.band: Connection closed: 1006 
2025-08-08T23:12:54: Disconnected from relay wss://relay.damus.io: Connection closed: 1006 
2025-08-08T23:20:55: Disconnected from relay wss://relay.nostr.band: Connection closed: 1006 
2025-08-08T23:25:10: ⚠️ No relays connected, events may not publish
2025-08-08T23:50:39: Disconnected from relay wss://nostr.wine: Connection closed: 1000 
2025-08-08T23:50:58: Disconnected from relay wss://relay.nostr.band: Connection closed: 1006 
2025-08-09T00:12:55: Disconnected from relay wss://relay.damus.io: Connection closed: 1006 
2025-08-09T00:13:04: Disconnected from relay wss://relay.nostr.band: Connection closed: 1006 
2025-08-09T00:13:07: Relay error from wss://relay.nostr.band: Unexpected server response: 502
2025-08-09T00:13:07: Disconnected from relay wss://relay.nostr.band: Connection closed: 1006 
2025-08-09T00:13:07: Reconnection to wss://relay.nostr.band failed: Error: Unexpected server response: 502
    at ClientRequest.<anonymous> (/Users/mini/code/scheduler/node_modules/ws/lib/websocket.js:913:7)
    at ClientRequest.emit (node:events:507:28)
    at HTTPParser.parserOnIncomingClient (node:_http_client:716:27)
    at HTTPParser.parserOnHeadersComplete (node:_http_common:117:17)
    at TLSSocket.socketOnData (node:_http_client:558:22)
    at TLSSocket.emit (node:events:507:28)
    at addChunk (node:internal/streams/readable:559:12)
    at readableAddChunkPushByteMode (node:internal/streams/readable:510:3)
    at Readable.push (node:internal/streams/readable:390:5)
    at TLSWrap.onStreamRead (node:internal/stream_base_commons:189:23)
2025-08-09T00:13:14: Relay error from wss://relay.nostr.band: Unexpected server response: 502
2025-08-09T00:13:14: Disconnected from relay wss://relay.nostr.band: Connection closed: 1006 
2025-08-09T00:13:14: Reconnection to wss://relay.nostr.band failed: Error: Unexpected server response: 502
    at ClientRequest.<anonymous> (/Users/mini/code/scheduler/node_modules/ws/lib/websocket.js:913:7)
    at ClientRequest.emit (node:events:507:28)
    at HTTPParser.parserOnIncomingClient (node:_http_client:716:27)
    at HTTPParser.parserOnHeadersComplete (node:_http_common:117:17)
    at TLSSocket.socketOnData (node:_http_client:558:22)
    at TLSSocket.emit (node:events:507:28)
    at addChunk (node:internal/streams/readable:559:12)
    at readableAddChunkPushByteMode (node:internal/streams/readable:510:3)
    at Readable.push (node:internal/streams/readable:390:5)
    at TLSWrap.onStreamRead (node:internal/stream_base_commons:189:23)
2025-08-09T00:13:32: Relay error from wss://relay.nostr.band: Unexpected server response: 502
2025-08-09T00:13:32: Disconnected from relay wss://relay.nostr.band: Connection closed: 1006 
2025-08-09T00:13:32: Reconnection to wss://relay.nostr.band failed: Error: Unexpected server response: 502
    at ClientRequest.<anonymous> (/Users/mini/code/scheduler/node_modules/ws/lib/websocket.js:913:7)
    at ClientRequest.emit (node:events:507:28)
    at HTTPParser.parserOnIncomingClient (node:_http_client:716:27)
    at HTTPParser.parserOnHeadersComplete (node:_http_common:117:17)
    at TLSSocket.socketOnData (node:_http_client:558:22)
    at TLSSocket.emit (node:events:507:28)
    at addChunk (node:internal/streams/readable:559:12)
    at readableAddChunkPushByteMode (node:internal/streams/readable:510:3)
    at Readable.push (node:internal/streams/readable:390:5)
    at TLSWrap.onStreamRead (node:internal/stream_base_commons:189:23)
2025-08-09T00:44:53: Disconnected from relay wss://relay.nostr.band: Connection closed: 1006 
2025-08-09T00:45:10: ⚠️ No relays connected, events may not publish
2025-08-09T00:50:40: Disconnected from relay wss://nostr.wine: Connection closed: 1000 
2025-08-09T01:12:55: Disconnected from relay wss://relay.damus.io: Connection closed: 1006 
2025-08-09T01:14:56: Disconnected from relay wss://relay.nostr.band: Connection closed: 1006 
2025-08-09T01:15:10: ⚠️ No relays connected, events may not publish
2025-08-09T01:44:59: Disconnected from relay wss://relay.nostr.band: Connection closed: 1006 
2025-08-09T01:50:42: Disconnected from relay wss://nostr.wine: Connection closed: 1000 
2025-08-09T02:12:52: Disconnected from relay wss://relay.nostr.band: Connection closed: 1006 
2025-08-09T02:12:54: Disconnected from relay wss://relay.damus.io: Connection closed: 1006 
2025-08-09T02:12:54: Relay error from wss://relay.nostr.band: Unexpected server response: 502
2025-08-09T02:12:54: Disconnected from relay wss://relay.nostr.band: Connection closed: 1006 
2025-08-09T02:12:54: Reconnection to wss://relay.nostr.band failed: Error: Unexpected server response: 502
    at ClientRequest.<anonymous> (/Users/mini/code/scheduler/node_modules/ws/lib/websocket.js:913:7)
    at ClientRequest.emit (node:events:507:28)
    at HTTPParser.parserOnIncomingClient (node:_http_client:716:27)
    at HTTPParser.parserOnHeadersComplete (node:_http_common:117:17)
    at TLSSocket.socketOnData (node:_http_client:558:22)
    at TLSSocket.emit (node:events:507:28)
    at addChunk (node:internal/streams/readable:559:12)
    at readableAddChunkPushByteMode (node:internal/streams/readable:510:3)
    at Readable.push (node:internal/streams/readable:390:5)
    at TLSWrap.onStreamRead (node:internal/stream_base_commons:189:23)
2025-08-09T02:13:00: Relay error from wss://relay.nostr.band: Unexpected server response: 502
2025-08-09T02:13:00: Disconnected from relay wss://relay.nostr.band: Connection closed: 1006 
2025-08-09T02:13:00: Reconnection to wss://relay.nostr.band failed: Error: Unexpected server response: 502
    at ClientRequest.<anonymous> (/Users/mini/code/scheduler/node_modules/ws/lib/websocket.js:913:7)
    at ClientRequest.emit (node:events:507:28)
    at HTTPParser.parserOnIncomingClient (node:_http_client:716:27)
    at HTTPParser.parserOnHeadersComplete (node:_http_common:117:17)
    at TLSSocket.socketOnData (node:_http_client:558:22)
    at TLSSocket.emit (node:events:507:28)
    at addChunk (node:internal/streams/readable:559:12)
    at readableAddChunkPushByteMode (node:internal/streams/readable:510:3)
    at Readable.push (node:internal/streams/readable:390:5)
    at TLSWrap.onStreamRead (node:internal/stream_base_commons:189:23)
2025-08-09T02:13:18: Relay error from wss://relay.nostr.band: Unexpected server response: 502
2025-08-09T02:13:18: Disconnected from relay wss://relay.nostr.band: Connection closed: 1006 
2025-08-09T02:13:18: Reconnection to wss://relay.nostr.band failed: Error: Unexpected server response: 502
    at ClientRequest.<anonymous> (/Users/mini/code/scheduler/node_modules/ws/lib/websocket.js:913:7)
    at ClientRequest.emit (node:events:507:28)
    at HTTPParser.parserOnIncomingClient (node:_http_client:716:27)
    at HTTPParser.parserOnHeadersComplete (node:_http_common:117:17)
    at TLSSocket.socketOnData (node:_http_client:558:22)
    at TLSSocket.emit (node:events:507:28)
    at addChunk (node:internal/streams/readable:559:12)
    at readableAddChunkPushByteMode (node:internal/streams/readable:510:3)
    at Readable.push (node:internal/streams/readable:390:5)
    at TLSWrap.onStreamRead (node:internal/stream_base_commons:189:23)
2025-08-09T02:30:27: Disconnected from relay wss://relay.nostr.band: Connection closed: 1006 
2025-08-09T02:30:29: Relay error from wss://relay.nostr.band: Unexpected server response: 502
2025-08-09T02:30:29: Disconnected from relay wss://relay.nostr.band: Connection closed: 1006 
2025-08-09T02:30:29: Reconnection to wss://relay.nostr.band failed: Error: Unexpected server response: 502
    at ClientRequest.<anonymous> (/Users/mini/code/scheduler/node_modules/ws/lib/websocket.js:913:7)
    at ClientRequest.emit (node:events:507:28)
    at HTTPParser.parserOnIncomingClient (node:_http_client:716:27)
    at HTTPParser.parserOnHeadersComplete (node:_http_common:117:17)
    at TLSSocket.socketOnData (node:_http_client:558:22)
    at TLSSocket.emit (node:events:507:28)
    at addChunk (node:internal/streams/readable:559:12)
    at readableAddChunkPushByteMode (node:internal/streams/readable:510:3)
    at Readable.push (node:internal/streams/readable:390:5)
    at TLSWrap.onStreamRead (node:internal/stream_base_commons:189:23)
2025-08-09T02:30:35: Relay error from wss://relay.nostr.band: Unexpected server response: 502
2025-08-09T02:30:35: Disconnected from relay wss://relay.nostr.band: Connection closed: 1006 
2025-08-09T02:30:35: Reconnection to wss://relay.nostr.band failed: Error: Unexpected server response: 502
    at ClientRequest.<anonymous> (/Users/mini/code/scheduler/node_modules/ws/lib/websocket.js:913:7)
    at ClientRequest.emit (node:events:507:28)
    at HTTPParser.parserOnIncomingClient (node:_http_client:716:27)
    at HTTPParser.parserOnHeadersComplete (node:_http_common:117:17)
    at TLSSocket.socketOnData (node:_http_client:558:22)
    at TLSSocket.emit (node:events:507:28)
    at addChunk (node:internal/streams/readable:559:12)
    at readableAddChunkPushByteMode (node:internal/streams/readable:510:3)
    at Readable.push (node:internal/streams/readable:390:5)
    at TLSWrap.onStreamRead (node:internal/stream_base_commons:189:23)
2025-08-09T02:50:44: Disconnected from relay wss://nostr.wine: Connection closed: 1000 
2025-08-09T03:01:36: Disconnected from relay wss://relay.nostr.band: Connection closed: 1006 
2025-08-09T03:12:55: Disconnected from relay wss://relay.damus.io: Connection closed: 1006 
2025-08-09T03:16:38: Disconnected from relay wss://relay.damus.io: Connection closed: 1006 
2025-08-09T03:31:39: Disconnected from relay wss://relay.nostr.band: Connection closed: 1006 
2025-08-09T03:50:46: Disconnected from relay wss://nostr.wine: Connection closed: 1000 
2025-08-09T04:01:41: Disconnected from relay wss://relay.nostr.band: Connection closed: 1006 
2025-08-09T04:05:10: ⚠️ No relays connected, events may not publish
2025-08-09T04:12:55: Disconnected from relay wss://relay.damus.io: Connection closed: 1006 
2025-08-09T04:31:44: Disconnected from relay wss://relay.nostr.band: Connection closed: 1006 
2025-08-09T04:50:47: Disconnected from relay wss://nostr.wine: Connection closed: 1000 
2025-08-09T05:01:47: Disconnected from relay wss://relay.nostr.band: Connection closed: 1006 
2025-08-09T05:12:55: Disconnected from relay wss://relay.damus.io: Connection closed: 1006 
2025-08-09T05:31:50: Disconnected from relay wss://relay.nostr.band: Connection closed: 1006 
2025-08-09T05:50:49: Disconnected from relay wss://nostr.wine: Connection closed: 1000 
2025-08-09T06:01:53: Disconnected from relay wss://relay.nostr.band: Connection closed: 1006 
2025-08-09T06:12:55: Disconnected from relay wss://relay.damus.io: Connection closed: 1006 
2025-08-09T06:15:10: ⚠️ No relays connected, events may not publish
2025-08-09T06:31:56: Disconnected from relay wss://relay.nostr.band: Connection closed: 1006 
2025-08-09T06:45:10: ⚠️ No relays connected, events may not publish
2025-08-09T06:50:51: Disconnected from relay wss://nostr.wine: Connection closed: 1000 
2025-08-09T07:01:59: Disconnected from relay wss://relay.nostr.band: Connection closed: 1006 
2025-08-09T07:10:10: ⚠️ No relays connected, events may not publish
2025-08-09T07:12:54: Disconnected from relay wss://relay.damus.io: Connection closed: 1006 
2025-08-09T07:32:02: Disconnected from relay wss://relay.nostr.band: Connection closed: 1006 
2025-08-09T07:50:52: Disconnected from relay wss://nostr.wine: Connection closed: 1000 
